(0000) 3000  0011000000000000 (   1)                 .ORIG x3000
(3000) A01F  1010000000011111 (   3)                 LDI   R0 PHEP_TINH
(3001) A21F  1010001000011111 (   4)                 LDI   R1 GIA_TRI_1
(3002) A41F  1010010000011111 (   5)                 LDI   R2 GIA_TRI_2
(3003) 2620  0010011000100000 (   7)                 LD    R3 PHEP_CONG
(3004) 1803  0001100000000011 (   8)                 ADD   R4 R0 R3
(3005) 040C  0000010000001100 (   9)                 BRZ   BO_CONG
(3006) 261E  0010011000011110 (  11)                 LD    R3 PHEP_TRU
(3007) 1803  0001100000000011 (  12)                 ADD   R4 R0 R3
(3008) 040C  0000010000001100 (  13)                 BRZ   BO_TRU
(3009) 261C  0010011000011100 (  15)                 LD    R3 DICH_TRAI
(300A) 1803  0001100000000011 (  16)                 ADD   R4 R0 R3
(300B) 040E  0000010000001110 (  17)                 BRZ   BO_DICH_TRAI
(300C) 927F  1001001001111111 (  20)                 NOT   R1 R1
(300D) 94BF  1001010010111111 (  21)                 NOT   R2 R2
(300E) 5042  0101000001000010 (  22)                 AND   R0 R1 R2
(300F) 903F  1001000000111111 (  23)                 NOT   R0 R0
(3010) B012  1011000000010010 (  24)                 STI   R0 KET_QUA
(3011) F025  1111000000100101 (  25)                 TRAP  x25
(3012) 1042  0001000001000010 (  27) BO_CONG         ADD   R0 R1 R2
(3013) B00F  1011000000001111 (  28)                 STI   R0 KET_QUA
(3014) F025  1111000000100101 (  29)                 TRAP  x25
(3015) 94BF  1001010010111111 (  30) BO_TRU          NOT   R2 R2
(3016) 14A1  0001010010100001 (  31)                 ADD   R2 R2 #1
(3017) 1042  0001000001000010 (  32)                 ADD   R0 R1 R2
(3018) B00A  1011000000001010 (  33)                 STI   R0 KET_QUA
(3019) F025  1111000000100101 (  34)                 TRAP  x25
(301A) 5020  0101000000100000 (  36) BO_DICH_TRAI    AND   R0 R0 #0
(301B) 1241  0001001001000001 (  37) LAPLAI          ADD   R1 R1 R1
(301C) 14BF  0001010010111111 (  38)                 ADD   R2 R2 #-1
(301D) 03FD  0000001111111101 (  39)                 BRP   LAPLAI
(301E) B204  1011001000000100 (  40)                 STI   R1 KET_QUA
(301F) F025  1111000000100101 (  41)                 TRAP  x25
(3020) 2FF0  0010111111110000 (  43) PHEP_TINH       .FILL x2FF0
(3021) 2FF1  0010111111110001 (  44) GIA_TRI_1       .FILL x2FF1
(3022) 2FF2  0010111111110010 (  45) GIA_TRI_2       .FILL x2FF2
(3023) 2FF3  0010111111110011 (  46) KET_QUA         .FILL x2FF3
(3024) 0000  0000000000000000 (  48) PHEP_CONG       .FILL x0000
(3025) FFFF  1111111111111111 (  49) PHEP_TRU        .FILL xFFFF
(3026) FFFE  1111111111111110 (  50) DICH_TRAI       .FILL xFFFE
(3027) FFFD  1111111111111101 (  51) OR              .FILL xFFFD
