(0000) 3000  0011000000000000 (   1)                 .ORIG x3000
(3000) E014  1110000000010100 (   2)                 LEA   R0 TB
(3001) F022  1111000000100010 (   3)                 TRAP  x22
(3002) F020  1111000000100000 (   4)                 TRAP  x20
(3003) 5260  0101001001100000 (   5)                 AND   R1 R1 #0
(3004) 1461  0001010001100001 (   6)                 ADD   R2 R1 #1
(3005) 260E  0010011000001110 (   7)                 LD    R3 SO
(3006) 5802  0101100000000010 (   8) LAP             AND   R4 R0 R2
(3007) 0401  0000010000000001 (   9)                 BRZ   NEXT
(3008) 1261  0001001001100001 (  10)                 ADD   R1 R1 #1
(3009) 1482  0001010010000010 (  11) NEXT            ADD   R2 R2 R2
(300A) 16FF  0001011011111111 (  12)                 ADD   R3 R3 #-1
(300B) 03FA  0000001111111010 (  13)                 BRP   LAP
(300C) 2005  0010000000000101 (  14)                 LD    R0 DD
(300D) F021  1111000000100001 (  15)                 TRAP  x21
(300E) 2004  0010000000000100 (  16)                 LD    R0 ASCII
(300F) 1001  0001000000000001 (  17)                 ADD   R0 R0 R1
(3010) F021  1111000000100001 (  18)                 TRAP  x21
(3011) F025  1111000000100101 (  19)                 TRAP  x25
(3012) 000D  0000000000001101 (  20) DD              .FILL x000D
(3013) 0030  0000000000110000 (  21) ASCII           .FILL x0030
(3014) 0008  0000000000001000 (  22) SO              .FILL x0008
(3015) 004D  0000000001001101 (  23) TB              .FILL x004D
(3016) 004F  0000000001001111 (  23)                 .FILL x004F
(3017) 0049  0000000001001001 (  23)                 .FILL x0049
(3018) 0020  0000000000100000 (  23)                 .FILL x0020
(3019) 004E  0000000001001110 (  23)                 .FILL x004E
(301A) 0048  0000000001001000 (  23)                 .FILL x0048
(301B) 0041  0000000001000001 (  23)                 .FILL x0041
(301C) 0050  0000000001010000 (  23)                 .FILL x0050
(301D) 0020  0000000000100000 (  23)                 .FILL x0020
(301E) 0031  0000000000110001 (  23)                 .FILL x0031
(301F) 0020  0000000000100000 (  23)                 .FILL x0020
(3020) 004B  0000000001001011 (  23)                 .FILL x004B
(3021) 0059  0000000001011001 (  23)                 .FILL x0059
(3022) 0020  0000000000100000 (  23)                 .FILL x0020
(3023) 0054  0000000001010100 (  23)                 .FILL x0054
(3024) 0055  0000000001010101 (  23)                 .FILL x0055
(3025) 0020  0000000000100000 (  23)                 .FILL x0020
(3026) 0000  0000000000000000 (  23)                 .FILL x0000
