(0000) 3000  0011000000000000 (   1)                 .ORIG x3000
(3000) 54A0  0101010010100000 (   2)                 AND   R2 R2 #0
(3001) F023  1111000000100011 (   4)                 TRAP  x23
(3002) 1480  0001010010000000 (   5)                 ADD   R2 R2 R0
(3003) F023  1111000000100011 (   7)                 TRAP  x23
(3004) 903F  1001000000111111 (   8)                 NOT   R0 R0
(3005) 1021  0001000000100001 (   9)                 ADD   R0 R0 #1
(3006) 1480  0001010010000000 (  10)                 ADD   R2 R2 R0
(3007) 0802  0000100000000010 (  12)                 BRN   BEHON
(3008) 0404  0000010000000100 (  13)                 BRZ   BANG0
(3009) 0206  0000001000000110 (  14)                 BRP   LONHON
(300A) E009  1110000000001001 (  16) BEHON           LEA   R0 CHUOIBE
(300B) F022  1111000000100010 (  17)                 TRAP  x22
(300C) F025  1111000000100101 (  18)                 TRAP  x25
(300D) E011  1110000000010001 (  20) BANG0           LEA   R0 CHUOIBANG0
(300E) F022  1111000000100010 (  21)                 TRAP  x22
(300F) F025  1111000000100101 (  22)                 TRAP  x25
(3010) E017  1110000000010111 (  24) LONHON          LEA   R0 CHUOILON
(3011) F022  1111000000100010 (  25)                 TRAP  x22
(3012) F025  1111000000100101 (  26)                 TRAP  x25
(3013) 0030  0000000000110000 (  28) ASCII_0         .FILL x0030
(3014) 0041  0000000001000001 (  29) CHUOIBE         .FILL x0041
(3015) 0020  0000000000100000 (  29)                 .FILL x0020
(3016) 0042  0000000001000010 (  29)                 .FILL x0042
(3017) 0045  0000000001000101 (  29)                 .FILL x0045
(3018) 0020  0000000000100000 (  29)                 .FILL x0020
(3019) 0048  0000000001001000 (  29)                 .FILL x0048
(301A) 004F  0000000001001111 (  29)                 .FILL x004F
(301B) 004E  0000000001001110 (  29)                 .FILL x004E
(301C) 0020  0000000000100000 (  29)                 .FILL x0020
(301D) 0042  0000000001000010 (  29)                 .FILL x0042
(301E) 0000  0000000000000000 (  29)                 .FILL x0000
(301F) 0041  0000000001000001 (  30) CHUOIBANG0      .FILL x0041
(3020) 0020  0000000000100000 (  30)                 .FILL x0020
(3021) 0042  0000000001000010 (  30)                 .FILL x0042
(3022) 0041  0000000001000001 (  30)                 .FILL x0041
(3023) 004E  0000000001001110 (  30)                 .FILL x004E
(3024) 0047  0000000001000111 (  30)                 .FILL x0047
(3025) 0020  0000000000100000 (  30)                 .FILL x0020
(3026) 0042  0000000001000010 (  30)                 .FILL x0042
(3027) 0000  0000000000000000 (  30)                 .FILL x0000
(3028) 0041  0000000001000001 (  31) CHUOILON        .FILL x0041
(3029) 0020  0000000000100000 (  31)                 .FILL x0020
(302A) 004C  0000000001001100 (  31)                 .FILL x004C
(302B) 004F  0000000001001111 (  31)                 .FILL x004F
(302C) 004E  0000000001001110 (  31)                 .FILL x004E
(302D) 0020  0000000000100000 (  31)                 .FILL x0020
(302E) 0048  0000000001001000 (  31)                 .FILL x0048
(302F) 004F  0000000001001111 (  31)                 .FILL x004F
(3030) 004E  0000000001001110 (  31)                 .FILL x004E
(3031) 0020  0000000000100000 (  31)                 .FILL x0020
(3032) 0042  0000000001000010 (  31)                 .FILL x0042
(3033) 0000  0000000000000000 (  31)                 .FILL x0000
