(0000) 3000  0011000000000000 (   5)                 .ORIG x3000
(3000) A210  1010001000010000 (   7)                 LDI   R1 GTR1
(3001) A410  1010010000010000 (   8)                 LDI   R2 GTR2
(3002) 56E0  0101011011100000 (  11)                 AND   R3 R3 #0
(3003) 5920  0101100100100000 (  12)                 AND   R4 R4 #0
(3004) 5B60  0101101101100000 (  13)                 AND   R5 R5 #0
(3005) 16A0  0001011010100000 (  18)                 ADD   R3 R2 #0
(3006) 96FF  1001011011111111 (  19)                 NOT   R3 R3
(3007) 5643  0101011001000011 (  20)                 AND   R3 R1 R3
(3008) 1860  0001100001100000 (  23)                 ADD   R4 R1 #0
(3009) 993F  1001100100111111 (  24)                 NOT   R4 R4
(300A) 5902  0101100100000010 (  25)                 AND   R4 R4 R2
(300B) 96FF  1001011011111111 (  28)                 NOT   R3 R3
(300C) 993F  1001100100111111 (  29)                 NOT   R4 R4
(300D) 56C4  0101011011000100 (  30)                 AND   R3 R3 R4
(300E) 96FF  1001011011111111 (  31)                 NOT   R3 R3
(300F) B603  1011011000000011 (  33)                 STI   R3 KQUA
(3010) F025  1111000000100101 (  35)                 TRAP  x25
(3011) 4000  0100000000000000 (  37) GTR1            .FILL x4000
(3012) 4001  0100000000000001 (  38) GTR2            .FILL x4001
(3013) 4002  0100000000000010 (  39) KQUA            .FILL x4002
