(0000) 3000  0011000000000000 (   1)                 .ORIG x3000
(3000) 2C15  0010110000010101 (   2)                 LD    R6 B
(3001) F023  1111000000100011 (   3)                 TRAP  x23
(3002) 1206  0001001000000110 (   4)                 ADD   R1 R0 R6
(3003) F023  1111000000100011 (   5)                 TRAP  x23
(3004) 1406  0001010000000110 (   6)                 ADD   R2 R0 R6
(3005) 5620  0101011000100000 (   7)                 AND   R3 R0 #0
(3006) 16C1  0001011011000001 (   8) AGAIN           ADD   R3 R3 R1
(3007) 14BF  0001010010111111 (   9)                 ADD   R2 R2 #-1
(3008) 03FD  0000001111111101 (  10)                 BRP   AGAIN
(3009) 16F6  0001011011110110 (  12) AGAIN2          ADD   R3 R3 #-10
(300A) 0802  0000100000000010 (  13)                 BRN   XUAT1
(300B) 14A1  0001010010100001 (  14)                 ADD   R2 R2 #1
(300C) 0FFC  0000111111111100 (  15)                 BRNZP AGAIN2
(300D) 16EA  0001011011101010 (  17) XUAT1           ADD   R3 R3 #10
(300E) 2206  0010001000000110 (  18)                 LD    R1 A
(300F) 0402  0000010000000010 (  19)                 BRZ   IN1SO
(3010) 1081  0001000010000001 (  20)                 ADD   R0 R2 R1
(3011) F022  1111000000100010 (  21)                 TRAP  x22
(3012) 10C1  0001000011000001 (  22) IN1SO           ADD   R0 R3 R1
(3013) F021  1111000000100001 (  23)                 TRAP  x21
(3014) F025  1111000000100101 (  25)                 TRAP  x25
(3015) 0030  0000000000110000 (  26) A               .FILL x0030
(3016) FFD0  1111111111010000 (  27) B               .FILL xFFD0
