(0000) 3000  0011000000000000 (   1)                 .ORIG x3000
(3000) F023  1111000000100011 (   2)                 TRAP  x23
(3001) 222B  0010001000101011 (   3)                 LD    R1 ASCII0
(3002) 927F  1001001001111111 (   4)                 NOT   R1 R1
(3003) 1261  0001001001100001 (   5)                 ADD   R1 R1 #1
(3004) 1401  0001010000000001 (   6)                 ADD   R2 R0 R1
(3005) F023  1111000000100011 (   7)                 TRAP  x23
(3006) 1402  0001010000000010 (   8)                 ADD   R2 R0 R2
(3007) 1481  0001010010000001 (   9)                 ADD   R2 R2 R1
(3008) 16B6  0001011010110110 (  10)                 ADD   R3 R2 #-10
(3009) 080B  0000100000001011 (  11)                 BRN   SMALLER
(300A) 2022  0010000000100010 (  12)                 LD    R0 ASCII0
(300B) 1021  0001000000100001 (  13)                 ADD   R0 R0 #1
(300C) E00C  1110000000001100 (  14)                 LEA   R0 IN_THONG_BAO
(300D) F022  1111000000100010 (  15)                 TRAP  x22
(300E) F021  1111000000100001 (  16)                 TRAP  x21
(300F) 201D  0010000000011101 (  17)                 LD    R0 ASCII0
(3010) 1003  0001000000000011 (  18)                 ADD   R0 R0 R3
(3011) E007  1110000000000111 (  19)                 LEA   R0 IN_THONG_BAO
(3012) F022  1111000000100010 (  20)                 TRAP  x22
(3013) F021  1111000000100001 (  21)                 TRAP  x21
(3014) 0E03  0000111000000011 (  22)                 BRNZP KETTHUC
(3015) 2003  0010000000000011 (  23) SMALLER         LD    R0 x3019
(3016) 1002  0001000000000010 (  24)                 ADD   R0 R0 R2
(3017) F021  1111000000100001 (  25)                 TRAP  x21
(3018) F025  1111000000100101 (  26) KETTHUC         TRAP  x25
(3019) 0054  0000000001010100 (  27) IN_THONG_BAO    .FILL x0054
(301A) 004F  0000000001001111 (  27)                 .FILL x004F
(301B) 004E  0000000001001110 (  27)                 .FILL x004E
(301C) 0047  0000000001000111 (  27)                 .FILL x0047
(301D) 0020  0000000000100000 (  27)                 .FILL x0020
(301E) 0043  0000000001000011 (  27)                 .FILL x0043
(301F) 0055  0000000001010101 (  27)                 .FILL x0055
(3020) 0041  0000000001000001 (  27)                 .FILL x0041
(3021) 0020  0000000000100000 (  27)                 .FILL x0020
(3022) 0048  0000000001001000 (  27)                 .FILL x0048
(3023) 0041  0000000001000001 (  27)                 .FILL x0041
(3024) 0049  0000000001001001 (  27)                 .FILL x0049
(3025) 0020  0000000000100000 (  27)                 .FILL x0020
(3026) 0053  0000000001010011 (  27)                 .FILL x0053
(3027) 004F  0000000001001111 (  27)                 .FILL x004F
(3028) 0020  0000000000100000 (  27)                 .FILL x0020
(3029) 004C  0000000001001100 (  27)                 .FILL x004C
(302A) 0041  0000000001000001 (  27)                 .FILL x0041
(302B) 0020  0000000000100000 (  27)                 .FILL x0020
(302C) 0000  0000000000000000 (  27)                 .FILL x0000
(302D) 0030  0000000000110000 (  28) ASCII0          .FILL x0030
