(0000) 3000  0011000000000000 (   1)                 .ORIG x3000
(3000) F023  1111000000100011 (   2)                 TRAP  x23
(3001) 2446  0010010001000110 (   5)                 LD    R2 NUM_9
(3002) 1202  0001001000000010 (   6)                 ADD   R1 R0 R2
(3003) 0207  0000001000000111 (   7)                 BRP   NHAPSAI
(3004) 2442  0010010001000010 (  10)                 LD    R2 NUM_0
(3005) 1202  0001001000000010 (  11)                 ADD   R1 R0 R2
(3006) 0804  0000100000000100 (  12)                 BRN   NHAPSAI
(3007) B241  1011001001000001 (  15)                 STI   R1 O_NHO_X4000
(3008) E005  1110000000000101 (  16)                 LEA   R0 THANH_CONG
(3009) F022  1111000000100010 (  17)                 TRAP  x22
(300A) F025  1111000000100101 (  18)                 TRAP  x25
(300B) E018  1110000000011000 (  20) NHAPSAI         LEA   R0 CHUOI_ERROR_O_9
(300C) F022  1111000000100010 (  21)                 TRAP  x22
(300D) F025  1111000000100101 (  22)                 TRAP  x25
(300E) 0043  0000000001000011 (  23) THANH_CONG      .FILL x0043
(300F) 0048  0000000001001000 (  23)                 .FILL x0048
(3010) 0055  0000000001010101 (  23)                 .FILL x0055
(3011) 0059  0000000001011001 (  23)                 .FILL x0059
(3012) 0045  0000000001000101 (  23)                 .FILL x0045
(3013) 004E  0000000001001110 (  23)                 .FILL x004E
(3014) 0020  0000000000100000 (  23)                 .FILL x0020
(3015) 0044  0000000001000100 (  23)                 .FILL x0044
(3016) 004F  0000000001001111 (  23)                 .FILL x004F
(3017) 0049  0000000001001001 (  23)                 .FILL x0049
(3018) 0020  0000000000100000 (  23)                 .FILL x0020
(3019) 0054  0000000001010100 (  23)                 .FILL x0054
(301A) 0048  0000000001001000 (  23)                 .FILL x0048
(301B) 0041  0000000001000001 (  23)                 .FILL x0041
(301C) 004E  0000000001001110 (  23)                 .FILL x004E
(301D) 0048  0000000001001000 (  23)                 .FILL x0048
(301E) 0020  0000000000100000 (  23)                 .FILL x0020
(301F) 0043  0000000001000011 (  23)                 .FILL x0043
(3020) 004F  0000000001001111 (  23)                 .FILL x004F
(3021) 004E  0000000001001110 (  23)                 .FILL x004E
(3022) 0047  0000000001000111 (  23)                 .FILL x0047
(3023) 0000  0000000000000000 (  23)                 .FILL x0000
(3024) 004B  0000000001001011 (  24) CHUOI_ERROR_O_9 .FILL x004B
(3025) 0048  0000000001001000 (  24)                 .FILL x0048
(3026) 004F  0000000001001111 (  24)                 .FILL x004F
(3027) 004E  0000000001001110 (  24)                 .FILL x004E
(3028) 0047  0000000001000111 (  24)                 .FILL x0047
(3029) 0020  0000000000100000 (  24)                 .FILL x0020
(302A) 0043  0000000001000011 (  24)                 .FILL x0043
(302B) 0048  0000000001001000 (  24)                 .FILL x0048
(302C) 0055  0000000001010101 (  24)                 .FILL x0055
(302D) 0059  0000000001011001 (  24)                 .FILL x0059
(302E) 0045  0000000001000101 (  24)                 .FILL x0045
(302F) 004E  0000000001001110 (  24)                 .FILL x004E
(3030) 0020  0000000000100000 (  24)                 .FILL x0020
(3031) 0044  0000000001000100 (  24)                 .FILL x0044
(3032) 0055  0000000001010101 (  24)                 .FILL x0055
(3033) 004F  0000000001001111 (  24)                 .FILL x004F
(3034) 0043  0000000001000011 (  24)                 .FILL x0043
(3035) 002C  0000000000101100 (  24)                 .FILL x002C
(3036) 004B  0000000001001011 (  24)                 .FILL x004B
(3037) 0048  0000000001001000 (  24)                 .FILL x0048
(3038) 004F  0000000001001111 (  24)                 .FILL x004F
(3039) 004E  0000000001001110 (  24)                 .FILL x004E
(303A) 0047  0000000001000111 (  24)                 .FILL x0047
(303B) 0020  0000000000100000 (  24)                 .FILL x0020
(303C) 0050  0000000001010000 (  24)                 .FILL x0050
(303D) 0048  0000000001001000 (  24)                 .FILL x0048
(303E) 0041  0000000001000001 (  24)                 .FILL x0041
(303F) 0049  0000000001001001 (  24)                 .FILL x0049
(3040) 0020  0000000000100000 (  24)                 .FILL x0020
(3041) 004B  0000000001001011 (  24)                 .FILL x004B
(3042) 0059  0000000001011001 (  24)                 .FILL x0059
(3043) 0020  0000000000100000 (  24)                 .FILL x0020
(3044) 0053  0000000001010011 (  24)                 .FILL x0053
(3045) 004F  0000000001001111 (  24)                 .FILL x004F
(3046) 0000  0000000000000000 (  24)                 .FILL x0000
(3047) FFD0  1111111111010000 (  25) NUM_0           .FILL xFFD0
(3048) FFC7  1111111111000111 (  26) NUM_9           .FILL xFFC7
(3049) 4000  0100000000000000 (  27) O_NHO_X4000     .FILL x4000
