(0000) 3000  0011000000000000 (   1)                 .ORIG x3000
(3000) 2A40  0010101001000000 (   2)                 LD    R5 ASCII_TONUM
(3001) E01D  1110000000011101 (   3)                 LEA   R0 NHAPSODAU
(3002) F022  1111000000100010 (   4)                 TRAP  x22
(3003) F023  1111000000100011 (   5)                 TRAP  x23
(3004) 1205  0001001000000101 (   6)                 ADD   R1 R0 R5
(3005) E02A  1110000000101010 (   7)                 LEA   R0 NHAPSOSAU
(3006) F022  1111000000100010 (   8)                 TRAP  x22
(3007) F023  1111000000100011 (   9)                 TRAP  x23
(3008) 1405  0001010000000101 (  10)                 ADD   R2 R0 R5
(3009) 56E0  0101011011100000 (  11)                 AND   R3 R3 #0
(300A) 16C1  0001011011000001 (  12) AGAIN           ADD   R3 R3 R1
(300B) 14BF  0001010010111111 (  13)                 ADD   R2 R2 #-1
(300C) 03FD  0000001111111101 (  14)                 BRP   AGAIN
(300D) 12E0  0001001011100000 (  16)                 ADD   R1 R3 #0
(300E) 5020  0101000000100000 (  20)                 AND   R0 R0 #0
(300F) 54A0  0101010010100000 (  21)                 AND   R2 R2 #0
(3010) 56E0  0101011011100000 (  22)                 AND   R3 R3 #0
(3011) 282E  0010100000101110 (  23)                 LD    R4 ASCII_NUM
(3012) 1276  0001001001110110 (  25) CONT_CHUC       ADD   R1 R1 #-10
(3013) 0802  0000100000000010 (  27)                 BRN   STOP_CHUC
(3014) 14A1  0001010010100001 (  29)                 ADD   R2 R2 #1
(3015) 0FFC  0000111111111100 (  30)                 BRNZP CONT_CHUC
(3016) 166A  0001011001101010 (  36) STOP_CHUC       ADD   R3 R1 #10
(3017) 14A0  0001010010100000 (  39)                 ADD   R2 R2 #0
(3018) 0402  0000010000000010 (  40)                 BRZ   IN_DONVI
(3019) 1084  0001000010000100 (  42)                 ADD   R0 R2 R4
(301A) F021  1111000000100001 (  43)                 TRAP  x21
(301B) 5020  0101000000100000 (  45) IN_DONVI        AND   R0 R0 #0
(301C) 10C4  0001000011000100 (  46)                 ADD   R0 R3 R4
(301D) F021  1111000000100001 (  47)                 TRAP  x21
(301E) F025  1111000000100101 (  48)                 TRAP  x25
(301F) 004E  0000000001001110 (  49) NHAPSODAU       .FILL x004E
(3020) 0048  0000000001001000 (  49)                 .FILL x0048
(3021) 0041  0000000001000001 (  49)                 .FILL x0041
(3022) 0050  0000000001010000 (  49)                 .FILL x0050
(3023) 0020  0000000000100000 (  49)                 .FILL x0020
(3024) 0053  0000000001010011 (  49)                 .FILL x0053
(3025) 004F  0000000001001111 (  49)                 .FILL x004F
(3026) 0020  0000000000100000 (  49)                 .FILL x0020
(3027) 0054  0000000001010100 (  49)                 .FILL x0054
(3028) 0048  0000000001001000 (  49)                 .FILL x0048
(3029) 0055  0000000001010101 (  49)                 .FILL x0055
(302A) 0020  0000000000100000 (  49)                 .FILL x0020
(302B) 004E  0000000001001110 (  49)                 .FILL x004E
(302C) 0048  0000000001001000 (  49)                 .FILL x0048
(302D) 0041  0000000001000001 (  49)                 .FILL x0041
(302E) 0054  0000000001010100 (  49)                 .FILL x0054
(302F) 0000  0000000000000000 (  49)                 .FILL x0000
(3030) 004E  0000000001001110 (  50) NHAPSOSAU       .FILL x004E
(3031) 0048  0000000001001000 (  50)                 .FILL x0048
(3032) 0041  0000000001000001 (  50)                 .FILL x0041
(3033) 0050  0000000001010000 (  50)                 .FILL x0050
(3034) 0020  0000000000100000 (  50)                 .FILL x0020
(3035) 0053  0000000001010011 (  50)                 .FILL x0053
(3036) 004F  0000000001001111 (  50)                 .FILL x004F
(3037) 0020  0000000000100000 (  50)                 .FILL x0020
(3038) 0054  0000000001010100 (  50)                 .FILL x0054
(3039) 0048  0000000001001000 (  50)                 .FILL x0048
(303A) 0055  0000000001010101 (  50)                 .FILL x0055
(303B) 0020  0000000000100000 (  50)                 .FILL x0020
(303C) 0048  0000000001001000 (  50)                 .FILL x0048
(303D) 0041  0000000001000001 (  50)                 .FILL x0041
(303E) 0049  0000000001001001 (  50)                 .FILL x0049
(303F) 0000  0000000000000000 (  50)                 .FILL x0000
(3040) 0030  0000000000110000 (  51) ASCII_NUM       .FILL x0030
(3041) FFD0  1111111111010000 (  52) ASCII_TONUM     .FILL xFFD0
(3042) 4000  0100000000000000 (  53) GTRI            .FILL x4000
