(0000) 3000  0011000000000000 (   3)                 .ORIG x3000
(3000) A212  1010001000010010 (   5)                 LDI   R1 GTRI
(3001) 2810  0010100000010000 (   6)                 LD    R4 ASCII_NUM
(3002) 5020  0101000000100000 (  10)                 AND   R0 R0 #0
(3003) 54A0  0101010010100000 (  11)                 AND   R2 R2 #0
(3004) 56E0  0101011011100000 (  12)                 AND   R3 R3 #0
(3005) 1276  0001001001110110 (  15) CONT_CHUC       ADD   R1 R1 #-10
(3006) 0802  0000100000000010 (  17)                 BRN   STOP_CHUC
(3007) 14A1  0001010010100001 (  19)                 ADD   R2 R2 #1
(3008) 0FFC  0000111111111100 (  20)                 BRNZP CONT_CHUC
(3009) 166A  0001011001101010 (  26) STOP_CHUC       ADD   R3 R1 #10
(300A) 14A0  0001010010100000 (  29)                 ADD   R2 R2 #0
(300B) 0402  0000010000000010 (  30)                 BRZ   IN_DONVI
(300C) 1084  0001000010000100 (  32)                 ADD   R0 R2 R4
(300D) F021  1111000000100001 (  33)                 TRAP  x21
(300E) 5020  0101000000100000 (  35) IN_DONVI        AND   R0 R0 #0
(300F) 10C4  0001000011000100 (  36)                 ADD   R0 R3 R4
(3010) F021  1111000000100001 (  37)                 TRAP  x21
(3011) F025  1111000000100101 (  38)                 TRAP  x25
(3012) 0030  0000000000110000 (  39) ASCII_NUM       .FILL x0030
(3013) 4000  0100000000000000 (  40) GTRI            .FILL x4000
