(0000) 3000  0011000000000000 (   1)                 .ORIG x3000
(3000) 56E0  0101011011100000 (   2)                 AND   R3 R3 #0
(3001) 5920  0101100100100000 (   3)                 AND   R4 R4 #0
(3002) 16E2  0001011011100010 (   4)                 ADD   R3 R3 #2
(3003) F023  1111000000100011 (   5)                 TRAP  x23
(3004) 1220  0001001000100000 (   6)                 ADD   R1 R0 #0
(3005) 0E02  0000111000000010 (   7)                 BRNZP MODULE_CHUYEN_MA
(3006) F023  1111000000100011 (   9) NHAP_TIEP       TRAP  x23
(3007) 1220  0001001000100000 (  10)                 ADD   R1 R0 #0
(3008) 245B  0010010001011011 (  14) MODULE_CHUYEN_MA LD    R2 NUM_9
(3009) 1202  0001001000000010 (  15)                 ADD   R1 R0 R2
(300A) 021B  0000001000011011 (  16)                 BRP   NHAPSAI
(300B) 2457  0010010001010111 (  19)                 LD    R2 NUM_0
(300C) 1202  0001001000000010 (  20)                 ADD   R1 R0 R2
(300D) 0818  0000100000011000 (  21)                 BRN   NHAPSAI
(300E) 1901  0001100100000001 (  24)                 ADD   R4 R4 R1
(300F) 1020  0001000000100000 (  25)                 ADD   R0 R0 #0
(3010) 16FF  0001011011111111 (  26)                 ADD   R3 R3 #-1
(3011) 03F4  0000001111110100 (  27)                 BRP   NHAP_TIEP
(3012) B816  1011100000010110 (  29)                 STI   R4 O_NHO
(3013) E016  1110000000010110 (  31)                 LEA   R0 THONGBAO_XUATSO
(3014) F022  1111000000100010 (  32)                 TRAP  x22
(3015) 2A4C  0010101001001100 (  36)                 LD    R5 ASCII_NUM
(3016) 5020  0101000000100000 (  40)                 AND   R0 R0 #0
(3017) 54A0  0101010010100000 (  41)                 AND   R2 R2 #0
(3018) 56E0  0101011011100000 (  42)                 AND   R3 R3 #0
(3019) 1936  0001100100110110 (  45) CONT_CHUC       ADD   R4 R4 #-10
(301A) 0802  0000100000000010 (  47)                 BRN   STOP_CHUC
(301B) 14A1  0001010010100001 (  49)                 ADD   R2 R2 #1
(301C) 0FFC  0000111111111100 (  50)                 BRNZP CONT_CHUC
(301D) 172A  0001011100101010 (  55) STOP_CHUC       ADD   R3 R4 #10
(301E) 14A0  0001010010100000 (  58)                 ADD   R2 R2 #0
(301F) 0402  0000010000000010 (  59)                 BRZ   IN_DONVI
(3020) 1084  0001000010000100 (  61)                 ADD   R0 R2 R4
(3021) F021  1111000000100001 (  62)                 TRAP  x21
(3022) 5020  0101000000100000 (  64) IN_DONVI        AND   R0 R0 #0
(3023) 10C5  0001000011000101 (  65)                 ADD   R0 R3 R5
(3024) F021  1111000000100001 (  66)                 TRAP  x21
(3025) F025  1111000000100101 (  67)                 TRAP  x25
(3026) E018  1110000000011000 (  68) NHAPSAI         LEA   R0 CHUOI_ERROR_O_9
(3027) F022  1111000000100010 (  69)                 TRAP  x22
(3028) F025  1111000000100101 (  70)                 TRAP  x25
(3029) 4000  0100000000000000 (  71) O_NHO           .FILL x4000
(302A) 0053  0000000001010011 (  72) THONGBAO_XUATSO .FILL x0053
(302B) 004F  0000000001001111 (  72)                 .FILL x004F
(302C) 0020  0000000000100000 (  72)                 .FILL x0020
(302D) 0042  0000000001000010 (  72)                 .FILL x0042
(302E) 0041  0000000001000001 (  72)                 .FILL x0041
(302F) 004E  0000000001001110 (  72)                 .FILL x004E
(3030) 0020  0000000000100000 (  72)                 .FILL x0020
(3031) 0056  0000000001010110 (  72)                 .FILL x0056
(3032) 0055  0000000001010101 (  72)                 .FILL x0055
(3033) 0041  0000000001000001 (  72)                 .FILL x0041
(3034) 0020  0000000000100000 (  72)                 .FILL x0020
(3035) 004E  0000000001001110 (  72)                 .FILL x004E
(3036) 0048  0000000001001000 (  72)                 .FILL x0048
(3037) 0041  0000000001000001 (  72)                 .FILL x0041
(3038) 0050  0000000001010000 (  72)                 .FILL x0050
(3039) 0020  0000000000100000 (  72)                 .FILL x0020
(303A) 004C  0000000001001100 (  72)                 .FILL x004C
(303B) 0041  0000000001000001 (  72)                 .FILL x0041
(303C) 003A  0000000000111010 (  72)                 .FILL x003A
(303D) 0020  0000000000100000 (  72)                 .FILL x0020
(303E) 0000  0000000000000000 (  72)                 .FILL x0000
(303F) 004B  0000000001001011 (  73) CHUOI_ERROR_O_9 .FILL x004B
(3040) 0048  0000000001001000 (  73)                 .FILL x0048
(3041) 004F  0000000001001111 (  73)                 .FILL x004F
(3042) 004E  0000000001001110 (  73)                 .FILL x004E
(3043) 0047  0000000001000111 (  73)                 .FILL x0047
(3044) 0020  0000000000100000 (  73)                 .FILL x0020
(3045) 0043  0000000001000011 (  73)                 .FILL x0043
(3046) 0048  0000000001001000 (  73)                 .FILL x0048
(3047) 0055  0000000001010101 (  73)                 .FILL x0055
(3048) 0059  0000000001011001 (  73)                 .FILL x0059
(3049) 0045  0000000001000101 (  73)                 .FILL x0045
(304A) 004E  0000000001001110 (  73)                 .FILL x004E
(304B) 0020  0000000000100000 (  73)                 .FILL x0020
(304C) 0044  0000000001000100 (  73)                 .FILL x0044
(304D) 0055  0000000001010101 (  73)                 .FILL x0055
(304E) 004F  0000000001001111 (  73)                 .FILL x004F
(304F) 0043  0000000001000011 (  73)                 .FILL x0043
(3050) 002C  0000000000101100 (  73)                 .FILL x002C
(3051) 004B  0000000001001011 (  73)                 .FILL x004B
(3052) 0048  0000000001001000 (  73)                 .FILL x0048
(3053) 004F  0000000001001111 (  73)                 .FILL x004F
(3054) 004E  0000000001001110 (  73)                 .FILL x004E
(3055) 0047  0000000001000111 (  73)                 .FILL x0047
(3056) 0020  0000000000100000 (  73)                 .FILL x0020
(3057) 0050  0000000001010000 (  73)                 .FILL x0050
(3058) 0048  0000000001001000 (  73)                 .FILL x0048
(3059) 0041  0000000001000001 (  73)                 .FILL x0041
(305A) 0049  0000000001001001 (  73)                 .FILL x0049
(305B) 0020  0000000000100000 (  73)                 .FILL x0020
(305C) 004B  0000000001001011 (  73)                 .FILL x004B
(305D) 0059  0000000001011001 (  73)                 .FILL x0059
(305E) 0020  0000000000100000 (  73)                 .FILL x0020
(305F) 0053  0000000001010011 (  73)                 .FILL x0053
(3060) 004F  0000000001001111 (  73)                 .FILL x004F
(3061) 0000  0000000000000000 (  73)                 .FILL x0000
(3062) 0030  0000000000110000 (  74) ASCII_NUM       .FILL x0030
(3063) FFD0  1111111111010000 (  75) NUM_0           .FILL xFFD0
(3064) FFC7  1111111111000111 (  76) NUM_9           .FILL xFFC7
