(0000) 3000  0011000000000000 (   1)                 .ORIG x3000
(3000) 56E0  0101011011100000 (   2)                 AND   R3 R3 #0
(3001) A20F  1010001000001111 (   3)                 LDI   R1 A
(3002) A40F  1010010000001111 (   4)                 LDI   R2 B
(3003) 040A  0000010000001010 (   5)                 BRZ   LOI
(3004) 98BF  1001100010111111 (   6)                 NOT   R4 R2
(3005) 1921  0001100100100001 (   7)                 ADD   R4 R4 #1
(3006) 1244  0001001001000100 (   9) AGAIN           ADD   R1 R1 R4
(3007) 0802  0000100000000010 (  10)                 BRN   LUU
(3008) 16E1  0001011011100001 (  11)                 ADD   R3 R3 #1
(3009) 0FFC  0000111111111100 (  12)                 BRNZP AGAIN
(300A) 1242  0001001001000010 (  14) LUU             ADD   R1 R1 R2
(300B) B607  1011011000000111 (  15)                 STI   R3 C
(300C) B207  1011001000000111 (  16)                 STI   R1 D
(300D) 0E02  0000111000000010 (  18)                 BRNZP KT
(300E) E006  1110000000000110 (  20) LOI             LEA   R0 TB
(300F) F022  1111000000100010 (  21)                 TRAP  x22
(3010) F025  1111000000100101 (  23) KT              TRAP  x25
(3011) 4000  0100000000000000 (  24) A               .FILL x4000
(3012) 4001  0100000000000001 (  25) B               .FILL x4001
(3013) 4002  0100000000000010 (  26) C               .FILL x4002
(3014) 4003  0100000000000011 (  27) D               .FILL x4003
(3015) 004B  0000000001001011 (  28) TB              .FILL x004B
(3016) 0048  0000000001001000 (  28)                 .FILL x0048
(3017) 004F  0000000001001111 (  28)                 .FILL x004F
(3018) 004E  0000000001001110 (  28)                 .FILL x004E
(3019) 0047  0000000001000111 (  28)                 .FILL x0047
(301A) 0020  0000000000100000 (  28)                 .FILL x0020
(301B) 0043  0000000001000011 (  28)                 .FILL x0043
(301C) 0048  0000000001001000 (  28)                 .FILL x0048
(301D) 0049  0000000001001001 (  28)                 .FILL x0049
(301E) 0041  0000000001000001 (  28)                 .FILL x0041
(301F) 0020  0000000000100000 (  28)                 .FILL x0020
(3020) 0043  0000000001000011 (  28)                 .FILL x0043
(3021) 0048  0000000001001000 (  28)                 .FILL x0048
(3022) 004F  0000000001001111 (  28)                 .FILL x004F
(3023) 0020  0000000000100000 (  28)                 .FILL x0020
(3024) 0030  0000000000110000 (  28)                 .FILL x0030
(3025) 0000  0000000000000000 (  28)                 .FILL x0000
