(0000) 3000  0011000000000000 (   1)                 .ORIG x3000
(3000) 56E0  0101011011100000 (   3)                 AND   R3 R3 #0
(3001) 2A68  0010101001101000 (   4)                 LD    R5 ASCII_NUM
(3002) E01E  1110000000011110 (   5)                 LEA   R0 NHAPSOBICHIA
(3003) F022  1111000000100010 (   6)                 TRAP  x22
(3004) F023  1111000000100011 (   7)                 TRAP  x23
(3005) 1205  0001001000000101 (   8)                 ADD   R1 R0 R5
(3006) E02C  1110000000101100 (  10)                 LEA   R0 NHAPSOCHIA
(3007) F022  1111000000100010 (  11)                 TRAP  x22
(3008) F023  1111000000100011 (  12)                 TRAP  x23
(3009) 1405  0001010000000101 (  13)                 ADD   R2 R0 R5
(300A) 0413  0000010000010011 (  15)                 BRZ   LOI
(300B) 98BF  1001100010111111 (  16)                 NOT   R4 R2
(300C) 1921  0001100100100001 (  17)                 ADD   R4 R4 #1
(300D) 1244  0001001001000100 (  19) AGAIN           ADD   R1 R1 R4
(300E) 0802  0000100000000010 (  20)                 BRN   LUU
(300F) 16E1  0001011011100001 (  21)                 ADD   R3 R3 #1
(3010) 0FFC  0000111111111100 (  22)                 BRNZP AGAIN
(3011) 1242  0001001001000010 (  24) LUU             ADD   R1 R1 R2
(3012) 2A58  0010101001011000 (  26)                 LD    R5 NUM_ASCII
(3013) E02E  1110000000101110 (  27)                 LEA   R0 KETQUA
(3014) F022  1111000000100010 (  28)                 TRAP  x22
(3015) 10C5  0001000011000101 (  29)                 ADD   R0 R3 R5
(3016) F021  1111000000100001 (  30)                 TRAP  x21
(3017) 2054  0010000001010100 (  32)                 LD    R0 DD
(3018) F021  1111000000100001 (  33)                 TRAP  x21
(3019) E03C  1110000000111100 (  35)                 LEA   R0 PHANDU
(301A) F022  1111000000100010 (  36)                 TRAP  x22
(301B) 1045  0001000001000101 (  37)                 ADD   R0 R1 R5
(301C) F021  1111000000100001 (  38)                 TRAP  x21
(301D) 0E02  0000111000000010 (  40)                 BRNZP KT
(301E) E04E  1110000001001110 (  42) LOI             LEA   R0 TB
(301F) F022  1111000000100010 (  43)                 TRAP  x22
(3020) F025  1111000000100101 (  45) KT              TRAP  x25
(3021) 004E  0000000001001110 (  46) NHAPSOBICHIA    .FILL x004E
(3022) 0048  0000000001001000 (  46)                 .FILL x0048
(3023) 0041  0000000001000001 (  46)                 .FILL x0041
(3024) 0050  0000000001010000 (  46)                 .FILL x0050
(3025) 0020  0000000000100000 (  46)                 .FILL x0020
(3026) 0053  0000000001010011 (  46)                 .FILL x0053
(3027) 004F  0000000001001111 (  46)                 .FILL x004F
(3028) 0020  0000000000100000 (  46)                 .FILL x0020
(3029) 0042  0000000001000010 (  46)                 .FILL x0042
(302A) 0049  0000000001001001 (  46)                 .FILL x0049
(302B) 0020  0000000000100000 (  46)                 .FILL x0020
(302C) 0043  0000000001000011 (  46)                 .FILL x0043
(302D) 0048  0000000001001000 (  46)                 .FILL x0048
(302E) 0049  0000000001001001 (  46)                 .FILL x0049
(302F) 0041  0000000001000001 (  46)                 .FILL x0041
(3030) 003A  0000000000111010 (  46)                 .FILL x003A
(3031) 0020  0000000000100000 (  46)                 .FILL x0020
(3032) 0000  0000000000000000 (  46)                 .FILL x0000
(3033) 004E  0000000001001110 (  47) NHAPSOCHIA      .FILL x004E
(3034) 0048  0000000001001000 (  47)                 .FILL x0048
(3035) 0041  0000000001000001 (  47)                 .FILL x0041
(3036) 0050  0000000001010000 (  47)                 .FILL x0050
(3037) 0020  0000000000100000 (  47)                 .FILL x0020
(3038) 0053  0000000001010011 (  47)                 .FILL x0053
(3039) 004F  0000000001001111 (  47)                 .FILL x004F
(303A) 0020  0000000000100000 (  47)                 .FILL x0020
(303B) 0043  0000000001000011 (  47)                 .FILL x0043
(303C) 0048  0000000001001000 (  47)                 .FILL x0048
(303D) 0049  0000000001001001 (  47)                 .FILL x0049
(303E) 0041  0000000001000001 (  47)                 .FILL x0041
(303F) 003A  0000000000111010 (  47)                 .FILL x003A
(3040) 0020  0000000000100000 (  47)                 .FILL x0020
(3041) 0000  0000000000000000 (  47)                 .FILL x0000
(3042) 004B  0000000001001011 (  48) KETQUA          .FILL x004B
(3043) 0045  0000000001000101 (  48)                 .FILL x0045
(3044) 0054  0000000001010100 (  48)                 .FILL x0054
(3045) 0020  0000000000100000 (  48)                 .FILL x0020
(3046) 0051  0000000001010001 (  48)                 .FILL x0051
(3047) 0055  0000000001010101 (  48)                 .FILL x0055
(3048) 0041  0000000001000001 (  48)                 .FILL x0041
(3049) 0020  0000000000100000 (  48)                 .FILL x0020
(304A) 0050  0000000001010000 (  48)                 .FILL x0050
(304B) 0048  0000000001001000 (  48)                 .FILL x0048
(304C) 0045  0000000001000101 (  48)                 .FILL x0045
(304D) 0050  0000000001010000 (  48)                 .FILL x0050
(304E) 0020  0000000000100000 (  48)                 .FILL x0020
(304F) 0043  0000000001000011 (  48)                 .FILL x0043
(3050) 0048  0000000001001000 (  48)                 .FILL x0048
(3051) 0049  0000000001001001 (  48)                 .FILL x0049
(3052) 0041  0000000001000001 (  48)                 .FILL x0041
(3053) 003A  0000000000111010 (  48)                 .FILL x003A
(3054) 0020  0000000000100000 (  48)                 .FILL x0020
(3055) 0000  0000000000000000 (  48)                 .FILL x0000
(3056) 0050  0000000001010000 (  49) PHANDU          .FILL x0050
(3057) 0048  0000000001001000 (  49)                 .FILL x0048
(3058) 0041  0000000001000001 (  49)                 .FILL x0041
(3059) 004E  0000000001001110 (  49)                 .FILL x004E
(305A) 0020  0000000000100000 (  49)                 .FILL x0020
(305B) 0044  0000000001000100 (  49)                 .FILL x0044
(305C) 0055  0000000001010101 (  49)                 .FILL x0055
(305D) 0020  0000000000100000 (  49)                 .FILL x0020
(305E) 0050  0000000001010000 (  49)                 .FILL x0050
(305F) 0048  0000000001001000 (  49)                 .FILL x0048
(3060) 0045  0000000001000101 (  49)                 .FILL x0045
(3061) 0050  0000000001010000 (  49)                 .FILL x0050
(3062) 0020  0000000000100000 (  49)                 .FILL x0020
(3063) 0043  0000000001000011 (  49)                 .FILL x0043
(3064) 0048  0000000001001000 (  49)                 .FILL x0048
(3065) 0049  0000000001001001 (  49)                 .FILL x0049
(3066) 0041  0000000001000001 (  49)                 .FILL x0041
(3067) 003A  0000000000111010 (  49)                 .FILL x003A
(3068) 0020  0000000000100000 (  49)                 .FILL x0020
(3069) 0000  0000000000000000 (  49)                 .FILL x0000
(306A) FFD0  1111111111010000 (  50) ASCII_NUM       .FILL xFFD0
(306B) 0030  0000000000110000 (  51) NUM_ASCII       .FILL x0030
(306C) 000D  0000000000001101 (  52) DD              .FILL x000D
(306D) 004B  0000000001001011 (  53) TB              .FILL x004B
(306E) 0048  0000000001001000 (  53)                 .FILL x0048
(306F) 004F  0000000001001111 (  53)                 .FILL x004F
(3070) 004E  0000000001001110 (  53)                 .FILL x004E
(3071) 0047  0000000001000111 (  53)                 .FILL x0047
(3072) 0020  0000000000100000 (  53)                 .FILL x0020
(3073) 0043  0000000001000011 (  53)                 .FILL x0043
(3074) 0048  0000000001001000 (  53)                 .FILL x0048
(3075) 0049  0000000001001001 (  53)                 .FILL x0049
(3076) 0041  0000000001000001 (  53)                 .FILL x0041
(3077) 0020  0000000000100000 (  53)                 .FILL x0020
(3078) 0043  0000000001000011 (  53)                 .FILL x0043
(3079) 0048  0000000001001000 (  53)                 .FILL x0048
(307A) 004F  0000000001001111 (  53)                 .FILL x004F
(307B) 0020  0000000000100000 (  53)                 .FILL x0020
(307C) 0030  0000000000110000 (  53)                 .FILL x0030
(307D) 0000  0000000000000000 (  53)                 .FILL x0000
