(0000) 2000  0010000000000000 (   1)                 .ORIG x2000
(2000) F023  1111000000100011 (   2)                 TRAP  x23
(2001) 1220  0001001000100000 (   3)                 ADD   R1 R0 #0
(2002) F023  1111000000100011 (   4)                 TRAP  x23
(2003) 1420  0001010000100000 (   5)                 ADD   R2 R0 #0
(2004) 96BF  1001011010111111 (   7)                 NOT   R3 R2
(2005) 16E1  0001011011100001 (   8)                 ADD   R3 R3 #1
(2006) 18C1  0001100011000001 (  10)                 ADD   R4 R3 R1
(2007) 0204  0000001000000100 (  13)                 BRP   LON
(2008) 0406  0000010000000110 (  17)                 BRZ   BANG
(2009) E02C  1110000000101100 (  21)                 LEA   R0 CHUOI3
(200A) F022  1111000000100010 (  22)                 TRAP  x22
(200B) F025  1111000000100101 (  23)                 TRAP  x25
(200C) E005  1110000000000101 (  26) LON             LEA   R0 CHUOI1
(200D) F022  1111000000100010 (  27)                 TRAP  x22
(200E) F025  1111000000100101 (  28)                 TRAP  x25
(200F) E014  1110000000010100 (  30) BANG            LEA   R0 CHUOI2
(2010) F022  1111000000100010 (  31)                 TRAP  x22
(2011) F025  1111000000100101 (  32)                 TRAP  x25
(2012) 004B  0000000001001011 (  34) CHUOI1          .FILL x004B
(2013) 0049  0000000001001001 (  34)                 .FILL x0049
(2014) 0020  0000000000100000 (  34)                 .FILL x0020
(2015) 0054  0000000001010100 (  34)                 .FILL x0054
(2016) 0055  0000000001010101 (  34)                 .FILL x0055
(2017) 0020  0000000000100000 (  34)                 .FILL x0020
(2018) 0031  0000000000110001 (  34)                 .FILL x0031
(2019) 0020  0000000000100000 (  34)                 .FILL x0020
(201A) 003E  0000000000111110 (  34)                 .FILL x003E
(201B) 0020  0000000000100000 (  34)                 .FILL x0020
(201C) 004B  0000000001001011 (  34)                 .FILL x004B
(201D) 0049  0000000001001001 (  34)                 .FILL x0049
(201E) 0020  0000000000100000 (  34)                 .FILL x0020
(201F) 0054  0000000001010100 (  34)                 .FILL x0054
(2020) 0055  0000000001010101 (  34)                 .FILL x0055
(2021) 0020  0000000000100000 (  34)                 .FILL x0020
(2022) 0032  0000000000110010 (  34)                 .FILL x0032
(2023) 0000  0000000000000000 (  34)                 .FILL x0000
(2024) 004B  0000000001001011 (  35) CHUOI2          .FILL x004B
(2025) 0049  0000000001001001 (  35)                 .FILL x0049
(2026) 0020  0000000000100000 (  35)                 .FILL x0020
(2027) 0054  0000000001010100 (  35)                 .FILL x0054
(2028) 0055  0000000001010101 (  35)                 .FILL x0055
(2029) 0020  0000000000100000 (  35)                 .FILL x0020
(202A) 0031  0000000000110001 (  35)                 .FILL x0031
(202B) 0020  0000000000100000 (  35)                 .FILL x0020
(202C) 003D  0000000000111101 (  35)                 .FILL x003D
(202D) 0020  0000000000100000 (  35)                 .FILL x0020
(202E) 004B  0000000001001011 (  35)                 .FILL x004B
(202F) 0049  0000000001001001 (  35)                 .FILL x0049
(2030) 0020  0000000000100000 (  35)                 .FILL x0020
(2031) 0054  0000000001010100 (  35)                 .FILL x0054
(2032) 0055  0000000001010101 (  35)                 .FILL x0055
(2033) 0020  0000000000100000 (  35)                 .FILL x0020
(2034) 0032  0000000000110010 (  35)                 .FILL x0032
(2035) 0000  0000000000000000 (  35)                 .FILL x0000
(2036) 004B  0000000001001011 (  36) CHUOI3          .FILL x004B
(2037) 0049  0000000001001001 (  36)                 .FILL x0049
(2038) 0020  0000000000100000 (  36)                 .FILL x0020
(2039) 0054  0000000001010100 (  36)                 .FILL x0054
(203A) 0055  0000000001010101 (  36)                 .FILL x0055
(203B) 0020  0000000000100000 (  36)                 .FILL x0020
(203C) 0031  0000000000110001 (  36)                 .FILL x0031
(203D) 0020  0000000000100000 (  36)                 .FILL x0020
(203E) 003C  0000000000111100 (  36)                 .FILL x003C
(203F) 0020  0000000000100000 (  36)                 .FILL x0020
(2040) 004B  0000000001001011 (  36)                 .FILL x004B
(2041) 0049  0000000001001001 (  36)                 .FILL x0049
(2042) 0020  0000000000100000 (  36)                 .FILL x0020
(2043) 0054  0000000001010100 (  36)                 .FILL x0054
(2044) 0055  0000000001010101 (  36)                 .FILL x0055
(2045) 0020  0000000000100000 (  36)                 .FILL x0020
(2046) 0032  0000000000110010 (  36)                 .FILL x0032
(2047) 0000  0000000000000000 (  36)                 .FILL x0000
