(0000) 3000  0011000000000000 (   1)                 .ORIG x3000
(3000) F023  1111000000100011 (   3)                 TRAP  x23
(3001) 1220  0001001000100000 (   4)                 ADD   R1 R0 #0
(3002) 54A0  0101010010100000 (   6)                 AND   R2 R2 #0
(3003) 56E0  0101011011100000 (   7)                 AND   R3 R3 #0
(3004) 2826  0010100000100110 (   9)                 LD    R4 LIMIT
(3005) 14A1  0001010010100001 (  11)                 ADD   R2 R2 #1
(3006) 1220  0001001000100000 (  12) TIEP            ADD   R1 R0 #0
(3007) 5202  0101001000000010 (  13)                 AND   R1 R0 R2
(3008) 0C01  0000110000000001 (  14)                 BRNZ  TANG
(3009) 16E1  0001011011100001 (  15)                 ADD   R3 R3 #1
(300A) 1482  0001010010000010 (  16) TANG            ADD   R2 R2 R2
(300B) 193F  0001100100111111 (  17)                 ADD   R4 R4 #-1
(300C) 03F9  0000001111111001 (  18)                 BRP   TIEP
(300D) E006  1110000000000110 (  19)                 LEA   R0 TB
(300E) F022  1111000000100010 (  20)                 TRAP  x22
(300F) 2203  0010001000000011 (  21)                 LD    R1 ASCII
(3010) 10C1  0001000011000001 (  22)                 ADD   R0 R3 R1
(3011) F021  1111000000100001 (  23)                 TRAP  x21
(3012) F025  1111000000100101 (  24)                 TRAP  x25
(3013) 0030  0000000000110000 (  25) ASCII           .FILL x0030
(3014) 0053  0000000001010011 (  26) TB              .FILL x0053
(3015) 006F  0000000001101111 (  26)                 .FILL x006F
(3016) 0020  0000000000100000 (  26)                 .FILL x0020
(3017) 006C  0000000001101100 (  26)                 .FILL x006C
(3018) 0075  0000000001110101 (  26)                 .FILL x0075
(3019) 006F  0000000001101111 (  26)                 .FILL x006F
(301A) 006E  0000000001101110 (  26)                 .FILL x006E
(301B) 0067  0000000001100111 (  26)                 .FILL x0067
(301C) 0020  0000000000100000 (  26)                 .FILL x0020
(301D) 0062  0000000001100010 (  26)                 .FILL x0062
(301E) 0069  0000000001101001 (  26)                 .FILL x0069
(301F) 0074  0000000001110100 (  26)                 .FILL x0074
(3020) 0020  0000000000100000 (  26)                 .FILL x0020
(3021) 0031  0000000000110001 (  26)                 .FILL x0031
(3022) 0020  0000000000100000 (  26)                 .FILL x0020
(3023) 0063  0000000001100011 (  26)                 .FILL x0063
(3024) 006F  0000000001101111 (  26)                 .FILL x006F
(3025) 0020  0000000000100000 (  26)                 .FILL x0020
(3026) 006C  0000000001101100 (  26)                 .FILL x006C
(3027) 0061  0000000001100001 (  26)                 .FILL x0061
(3028) 003A  0000000000111010 (  26)                 .FILL x003A
(3029) 0020  0000000000100000 (  26)                 .FILL x0020
(302A) 0000  0000000000000000 (  26)                 .FILL x0000
(302B) 0008  0000000000001000 (  27) LIMIT           .FILL x0008
